[2026-04-27T07:48:39.089] [INFO] default - Birthday cron job scheduled for 7:00 AM daily.
[2026-04-27T07:48:39.095] [INFO] default - Listening on http://localhost:3000
[2026-04-27T07:48:39.095] [INFO] default - Connected to the SQLite database.
[2026-04-27T07:48:39.105] [INFO] default - Users table ready.
[2026-04-27T07:55:22.986] [INFO] default - Birthday cron job scheduled for 7:00 AM daily.
[2026-04-27T07:55:22.997] [INFO] default - Listening on http://localhost:3000
[2026-04-27T07:55:22.999] [INFO] default - Executing (default): SELECT name FROM sqlite_master WHERE type='table' AND name='Users';
[2026-04-27T07:55:23.006] [INFO] default - Executing (default): CREATE TABLE IF NOT EXISTS `Users` (`id` INTEGER PRIMARY KEY AUTOINCREMENT, `username` VARCHAR(255) NOT NULL, `email` VARCHAR(255) NOT NULL UNIQUE, `dob` VARCHAR(255) NOT NULL);
[2026-04-27T07:55:23.008] [INFO] default - Executing (default): PRAGMA INDEX_LIST(`Users`)
[2026-04-27T07:55:23.010] [INFO] default - Executing (default): PRAGMA INDEX_INFO(`sqlite_autoindex_users_1`)
[2026-04-27T07:55:23.011] [INFO] default - Database & tables synced via Sequelize!
[2026-04-27T08:07:41.342] [INFO] default - Birthday cron job scheduled for 7:00 AM daily.
[2026-04-27T08:07:41.374] [INFO] default - Executing (default): DROP TABLE IF EXISTS `Users`;
[2026-04-27T08:07:41.427] [INFO] default - Executing (default): SELECT name FROM sqlite_master WHERE type='table' AND name='Users';
[2026-04-27T08:07:41.499] [INFO] default - Executing (default): PRAGMA foreign_keys = OFF
[2026-04-27T08:07:41.505] [INFO] default - Executing (default): CREATE TABLE IF NOT EXISTS `Users` (`id` INTEGER PRIMARY KEY AUTOINCREMENT, `username` VARCHAR(255) NOT NULL, `email` VARCHAR(255) NOT NULL UNIQUE, `dob` VARCHAR(255) NOT NULL);
[2026-04-27T08:07:41.509] [INFO] default - Executing (default): DROP TABLE IF EXISTS `Users`;
[2026-04-27T08:07:41.518] [INFO] default - Executing (default): PRAGMA INDEX_LIST(`Users`)
[2026-04-27T08:07:41.527] [INFO] default - Executing (default): PRAGMA foreign_keys = ON
[2026-04-27T08:07:41.530] [INFO] default - Database & tables synced via Sequelize!
[2026-04-27T08:07:41.534] [INFO] default - Executing (default): DROP TABLE IF EXISTS `Users`;
[2026-04-27T08:07:41.538] [INFO] default - Executing (default): CREATE TABLE IF NOT EXISTS `Users` (`id` INTEGER PRIMARY KEY AUTOINCREMENT, `username` VARCHAR(255) NOT NULL, `email` VARCHAR(255) NOT NULL UNIQUE, `dob` VARCHAR(255) NOT NULL);
[2026-04-27T08:07:41.545] [INFO] default - Executing (default): PRAGMA INDEX_LIST(`Users`)
[2026-04-27T08:07:41.549] [INFO] default - Executing (default): PRAGMA INDEX_INFO(`sqlite_autoindex_Users_1`)
[2026-04-27T08:07:41.600] [INFO] default - GET / 200 2389 - 15.105 ms
[2026-04-27T08:07:41.654] [INFO] default - Executing (default): INSERT INTO `Users` (`id`,`username`,`email`,`dob`) VALUES (NULL,$1,$2,$3);
[2026-04-27T08:07:41.664] [INFO] default - User successfully created: john.doe@example.com
[2026-04-27T08:07:41.667] [INFO] default - POST /api/users 201 157 - 20.263 ms
[2026-04-27T08:07:41.681] [INFO] default - Executing (default): INSERT INTO `Users` (`id`,`username`,`email`,`dob`) VALUES (NULL,$1,$2,$3);
[2026-04-27T08:07:41.686] [WARN] default - Failed to create user, email already exists: john.doe@example.com
[2026-04-27T08:07:41.689] [INFO] default - POST /api/users 409 67 - 9.894 ms
[2026-04-27T08:07:41.701] [ERROR] default - Validation error: "email" is required
[2026-04-27T08:07:41.706] [INFO] default - POST /api/users 400 68 - 6.592 ms
[2026-04-27T08:07:41.724] [ERROR] default - Validation error: "email" must be a valid email
[2026-04-27T08:07:41.729] [INFO] default - POST /api/users 400 78 - 4.771 ms
[2026-04-27T08:07:41.740] [ERROR] default - Validation error: "dob" must be in ISO 8601 date format
[2026-04-27T08:07:41.743] [INFO] default - POST /api/users 400 86 - 3.967 ms
[2026-04-27T08:08:54.651] [INFO] default - Executing (default): DROP TABLE IF EXISTS `Users`;
[2026-04-27T08:08:54.713] [INFO] default - Executing (default): SELECT name FROM sqlite_master WHERE type='table' AND name='Users';
[2026-04-27T08:08:54.799] [INFO] default - Executing (default): PRAGMA foreign_keys = OFF
[2026-04-27T08:08:54.827] [INFO] default - Executing (default): CREATE TABLE IF NOT EXISTS `Users` (`id` INTEGER PRIMARY KEY AUTOINCREMENT, `username` VARCHAR(255) NOT NULL, `email` VARCHAR(255) NOT NULL UNIQUE, `dob` VARCHAR(255) NOT NULL);
[2026-04-27T08:08:54.855] [INFO] default - Executing (default): DROP TABLE IF EXISTS `Users`;
[2026-04-27T08:08:54.872] [INFO] default - Executing (default): PRAGMA INDEX_LIST(`Users`)
[2026-04-27T08:08:54.880] [INFO] default - Executing (default): PRAGMA foreign_keys = ON
[2026-04-27T08:08:54.889] [INFO] default - Database & tables synced via Sequelize!
[2026-04-27T08:08:54.892] [INFO] default - Executing (default): DROP TABLE IF EXISTS `Users`;
[2026-04-27T08:08:54.906] [INFO] default - Executing (default): CREATE TABLE IF NOT EXISTS `Users` (`id` INTEGER PRIMARY KEY AUTOINCREMENT, `username` VARCHAR(255) NOT NULL, `email` VARCHAR(255) NOT NULL UNIQUE, `dob` VARCHAR(255) NOT NULL);
[2026-04-27T08:08:54.922] [INFO] default - Executing (default): PRAGMA INDEX_LIST(`Users`)
[2026-04-27T08:08:54.925] [INFO] default - Executing (default): PRAGMA INDEX_INFO(`sqlite_autoindex_Users_1`)
[2026-04-27T08:08:54.967] [INFO] default - GET / 200 2446 - 10.364 ms
[2026-04-27T08:08:55.017] [INFO] default - Executing (default): INSERT INTO `Users` (`id`,`username`,`email`,`dob`) VALUES (NULL,$1,$2,$3);
[2026-04-27T08:08:55.029] [INFO] default - User successfully created: john.doe@example.com
[2026-04-27T08:08:55.031] [INFO] default - POST /api/users 201 157 - 21.964 ms
[2026-04-27T08:08:55.047] [INFO] default - Executing (default): INSERT INTO `Users` (`id`,`username`,`email`,`dob`) VALUES (NULL,$1,$2,$3);
[2026-04-27T08:08:55.051] [WARN] default - Failed to create user, email already exists: john.doe@example.com
[2026-04-27T08:08:55.054] [INFO] default - POST /api/users 409 67 - 8.178 ms
[2026-04-27T08:08:55.064] [ERROR] default - Validation error: "email" is required
[2026-04-27T08:08:55.072] [INFO] default - POST /api/users 400 68 - 8.441 ms
[2026-04-27T08:08:55.089] [ERROR] default - Validation error: "email" must be a valid email
[2026-04-27T08:08:55.093] [INFO] default - POST /api/users 400 78 - 3.865 ms
[2026-04-27T08:08:55.102] [ERROR] default - Validation error: "dob" must be in ISO 8601 date format
[2026-04-27T08:08:55.107] [INFO] default - POST /api/users 400 86 - 6.033 ms
[2026-04-27T08:09:53.790] [INFO] default - Executing (default): DROP TABLE IF EXISTS `Users`;
[2026-04-27T08:09:53.866] [INFO] default - Executing (default): SELECT name FROM sqlite_master WHERE type='table' AND name='Users';
[2026-04-27T08:09:53.967] [INFO] default - Executing (default): PRAGMA foreign_keys = OFF
[2026-04-27T08:09:53.974] [INFO] default - Executing (default): CREATE TABLE IF NOT EXISTS `Users` (`id` INTEGER PRIMARY KEY AUTOINCREMENT, `username` VARCHAR(255) NOT NULL, `email` VARCHAR(255) NOT NULL UNIQUE, `dob` VARCHAR(255) NOT NULL);
[2026-04-27T08:09:53.979] [INFO] default - Executing (default): DROP TABLE IF EXISTS `Users`;
[2026-04-27T08:09:53.988] [INFO] default - Executing (default): PRAGMA INDEX_LIST(`Users`)
[2026-04-27T08:09:53.999] [INFO] default - Executing (default): PRAGMA foreign_keys = ON
[2026-04-27T08:09:54.005] [INFO] default - Database & tables synced via Sequelize!
[2026-04-27T08:09:54.008] [INFO] default - Executing (default): DROP TABLE IF EXISTS `Users`;
[2026-04-27T08:09:54.015] [INFO] default - Executing (default): CREATE TABLE IF NOT EXISTS `Users` (`id` INTEGER PRIMARY KEY AUTOINCREMENT, `username` VARCHAR(255) NOT NULL, `email` VARCHAR(255) NOT NULL UNIQUE, `dob` VARCHAR(255) NOT NULL);
[2026-04-27T08:09:54.024] [INFO] default - Executing (default): PRAGMA INDEX_LIST(`Users`)
[2026-04-27T08:09:54.028] [INFO] default - Executing (default): PRAGMA INDEX_INFO(`sqlite_autoindex_Users_1`)
[2026-04-27T08:09:54.073] [INFO] default - GET / 200 2446 - 12.064 ms
[2026-04-27T08:09:54.127] [INFO] default - Executing (default): INSERT INTO `Users` (`id`,`username`,`email`,`dob`) VALUES (NULL,$1,$2,$3);
[2026-04-27T08:09:54.139] [INFO] default - User successfully created: john.doe@example.com
[2026-04-27T08:09:54.144] [INFO] default - POST /api/users 201 157 - 25.577 ms
[2026-04-27T08:09:54.159] [INFO] default - Executing (default): INSERT INTO `Users` (`id`,`username`,`email`,`dob`) VALUES (NULL,$1,$2,$3);
[2026-04-27T08:09:54.165] [WARN] default - Failed to create user, email already exists: john.doe@example.com
[2026-04-27T08:09:54.168] [INFO] default - POST /api/users 409 67 - 10.390 ms
[2026-04-27T08:09:54.182] [ERROR] default - Validation error: "email" is required
[2026-04-27T08:09:54.190] [INFO] default - POST /api/users 400 68 - 10.411 ms
[2026-04-27T08:09:54.201] [ERROR] default - Validation error: "email" must be a valid email
[2026-04-27T08:09:54.206] [INFO] default - POST /api/users 400 78 - 4.346 ms
[2026-04-27T08:09:54.218] [ERROR] default - Validation error: "dob" must be in ISO 8601 date format
[2026-04-27T08:09:54.223] [INFO] default - POST /api/users 400 86 - 5.689 ms
[2026-04-27T09:36:43.340] [INFO] default - Using Mailtrap API for email dispatch.
[2026-04-27T09:36:43.440] [INFO] default - Birthday cron job scheduled for 7:00 AM daily.
[2026-04-27T09:36:43.448] [INFO] default - Listening on http://localhost:2000
[2026-04-27T09:36:43.454] [INFO] default - Executing (default): SELECT name FROM sqlite_master WHERE type='table' AND name='Users';
[2026-04-27T09:36:43.461] [INFO] default - Executing (default): PRAGMA INDEX_LIST(`Users`)
[2026-04-27T09:36:43.463] [INFO] default - Executing (default): PRAGMA INDEX_INFO(`sqlite_autoindex_Users_1`)
[2026-04-27T09:36:43.465] [INFO] default - Database & tables synced via Sequelize!
[2026-04-27T09:37:11.177] [INFO] default - GET / 200 1668 - 26.136 ms
[2026-04-27T09:37:11.281] [INFO] default - GET /public/style.css 404 155 - 7.556 ms
[2026-04-27T09:37:11.285] [INFO] default - GET /public/script.js 404 155 - 1.109 ms
[2026-04-27T09:37:12.032] [INFO] default - GET /favicon.ico 404 150 - 0.962 ms
[2026-04-27T09:42:52.486] [INFO] default - GET / 200 1663 - 3.325 ms
[2026-04-27T09:43:10.307] [INFO] default - Executing (default): INSERT INTO `Users` (`id`,`username`,`email`,`dob`) VALUES (NULL,$1,$2,$3);
[2026-04-27T09:43:10.318] [INFO] default - User successfully created: nexake1640@ryzid.com
[2026-04-27T09:43:10.338] [INFO] default - POST /api/users 201 158 - 41.121 ms
[2026-04-27T09:43:11.331] [ERROR] default - Failed to send email to nexake1640@ryzid.com: Error: Unauthorized
[2026-04-27T15:16:54.806] [INFO] default - Birthday cron job scheduled for 7:00 AM daily.
[2026-04-27T15:16:54.820] [INFO] default - Listening on http://localhost:2000
[2026-04-27T15:16:54.823] [INFO] default - Executing (default): SELECT name FROM sqlite_master WHERE type='table' AND name='Users';
[2026-04-27T15:16:54.832] [INFO] default - Executing (default): PRAGMA INDEX_LIST(`Users`)
[2026-04-27T15:16:54.836] [INFO] default - Executing (default): PRAGMA INDEX_INFO(`sqlite_autoindex_Users_1`)
[2026-04-27T15:16:54.838] [INFO] default - Database & tables synced via Sequelize!
[2026-04-27T15:17:03.501] [INFO] default - Birthday cron job scheduled for 7:00 AM daily.
[2026-04-27T15:17:03.513] [INFO] default - Listening on http://localhost:2000
[2026-04-27T15:17:03.518] [INFO] default - Executing (default): SELECT name FROM sqlite_master WHERE type='table' AND name='Users';
[2026-04-27T15:17:03.525] [INFO] default - Executing (default): PRAGMA INDEX_LIST(`Users`)
[2026-04-27T15:17:03.526] [INFO] default - Executing (default): PRAGMA INDEX_INFO(`sqlite_autoindex_Users_1`)
[2026-04-27T15:17:03.527] [INFO] default - Database & tables synced via Sequelize!
[2026-04-27T15:17:18.131] [INFO] default - Birthday cron job scheduled for 7:00 AM daily.
[2026-04-27T15:17:18.142] [INFO] default - Listening on http://localhost:2000
[2026-04-27T15:17:18.145] [INFO] default - Executing (default): SELECT name FROM sqlite_master WHERE type='table' AND name='Users';
[2026-04-27T15:17:18.150] [INFO] default - Executing (default): PRAGMA INDEX_LIST(`Users`)
[2026-04-27T15:17:18.151] [INFO] default - Executing (default): PRAGMA INDEX_INFO(`sqlite_autoindex_Users_1`)
[2026-04-27T15:17:18.152] [INFO] default - Database & tables synced via Sequelize!
[2026-04-27T19:16:36.520] [INFO] default - Birthday cron job scheduled for 7:00 AM daily.
[2026-04-27T19:16:36.535] [INFO] default - Listening on http://localhost:2000
[2026-04-27T19:16:36.541] [INFO] default - Executing (default): SELECT name FROM sqlite_master WHERE type='table' AND name='Users';
[2026-04-27T19:16:36.553] [INFO] default - Executing (default): PRAGMA INDEX_LIST(`Users`)
[2026-04-27T19:16:36.556] [INFO] default - Executing (default): PRAGMA INDEX_INFO(`sqlite_autoindex_Users_1`)
[2026-04-27T19:16:36.559] [INFO] default - Database & tables synced via Sequelize!
[2026-04-27T19:16:47.078] [INFO] default - Birthday cron job scheduled for 7:00 AM daily.
[2026-04-27T19:16:47.089] [INFO] default - Listening on http://localhost:4000
[2026-04-27T19:16:47.094] [INFO] default - Executing (default): SELECT name FROM sqlite_master WHERE type='table' AND name='Users';
[2026-04-27T19:16:47.101] [INFO] default - Executing (default): PRAGMA INDEX_LIST(`Users`)
[2026-04-27T19:16:47.102] [INFO] default - Executing (default): PRAGMA INDEX_INFO(`sqlite_autoindex_Users_1`)
[2026-04-27T19:16:47.106] [INFO] default - Database & tables synced via Sequelize!
[2026-04-27T22:17:52.038] [INFO] default - Birthday cron job scheduled for 7:00 AM daily.
[2026-04-27T22:17:52.146] [INFO] default - Listening on http://localhost:4000
[2026-04-27T22:17:52.173] [INFO] default - Executing (default): SELECT name FROM sqlite_master WHERE type='table' AND name='Users';
[2026-04-27T22:17:52.211] [INFO] default - Executing (default): PRAGMA INDEX_LIST(`Users`)
[2026-04-27T22:17:52.220] [INFO] default - Executing (default): PRAGMA INDEX_INFO(`sqlite_autoindex_Users_1`)
[2026-04-27T22:17:52.227] [INFO] default - Database & tables synced via Sequelize!
[2026-04-28T09:10:07.866] [INFO] default - Birthday cron job scheduled for 7:00 AM daily.
[2026-04-28T09:10:07.877] [INFO] default - Listening on http://localhost:4000
[2026-04-28T09:10:07.884] [INFO] default - Executing (default): SELECT name FROM sqlite_master WHERE type='table' AND name='Users';
[2026-04-28T09:10:07.896] [INFO] default - Executing (default): PRAGMA INDEX_LIST(`Users`)
[2026-04-28T09:10:07.897] [INFO] default - Executing (default): PRAGMA INDEX_INFO(`sqlite_autoindex_Users_1`)
[2026-04-28T09:10:07.899] [INFO] default - Database & tables synced via Sequelize!
[2026-04-28T09:10:32.316] [INFO] default - GET / 200 1663 - 26.147 ms
[2026-04-28T09:10:33.277] [INFO] default - GET /favicon.ico 404 150 - 3.362 ms
[2026-04-28T09:31:28.260] [INFO] default - Executing (default): INSERT INTO `Users` (`id`,`username`,`email`,`dob`) VALUES (NULL,$1,$2,$3);
[2026-04-28T09:31:28.268] [WARN] default - Failed to create user, email already exists: nexake1640@ryzid.com
[2026-04-28T09:31:28.271] [INFO] default - POST /api/users 409 67 - 22.313 ms
[2026-04-28T09:35:32.621] [INFO] default - Executing (default): INSERT INTO `Users` (`id`,`username`,`email`,`dob`) VALUES (NULL,$1,$2,$3);
[2026-04-28T09:35:32.630] [INFO] default - User successfully created: xemod97896@poisonword.com
[2026-04-28T09:35:32.630] [INFO] default - Initializing Mailtrap API transport...
[2026-04-28T09:35:32.640] [INFO] default - POST /api/users 201 163 - 19.607 ms
[2026-04-28T09:35:33.759] [ERROR] default - Failed to send email to xemod97896@poisonword.com: Error: Unauthorized
[2026-04-28T09:47:19.316] [INFO] default - Executing (default): DROP TABLE IF EXISTS `Users`;
[2026-04-28T09:47:19.384] [INFO] default - Executing (default): SELECT name FROM sqlite_master WHERE type='table' AND name='Users';
[2026-04-28T09:47:19.461] [INFO] default - Executing (default): PRAGMA foreign_keys = OFF
[2026-04-28T09:47:19.468] [INFO] default - Executing (default): CREATE TABLE IF NOT EXISTS `Users` (`id` INTEGER PRIMARY KEY AUTOINCREMENT, `username` VARCHAR(255) NOT NULL, `email` VARCHAR(255) NOT NULL UNIQUE, `dob` VARCHAR(255) NOT NULL);
[2026-04-28T09:47:19.472] [INFO] default - Executing (default): DROP TABLE IF EXISTS `Users`;
[2026-04-28T09:47:19.481] [INFO] default - Executing (default): PRAGMA INDEX_LIST(`Users`)
[2026-04-28T09:47:19.488] [INFO] default - Executing (default): PRAGMA foreign_keys = ON
[2026-04-28T09:47:19.493] [INFO] default - Database & tables synced via Sequelize!
[2026-04-28T09:47:19.496] [INFO] default - Executing (default): DROP TABLE IF EXISTS `Users`;
[2026-04-28T09:47:19.501] [INFO] default - Executing (default): CREATE TABLE IF NOT EXISTS `Users` (`id` INTEGER PRIMARY KEY AUTOINCREMENT, `username` VARCHAR(255) NOT NULL, `email` VARCHAR(255) NOT NULL UNIQUE, `dob` VARCHAR(255) NOT NULL);
[2026-04-28T09:47:19.510] [INFO] default - Executing (default): PRAGMA INDEX_LIST(`Users`)
[2026-04-28T09:47:19.512] [INFO] default - Executing (default): PRAGMA INDEX_INFO(`sqlite_autoindex_Users_1`)
[2026-04-28T09:47:19.556] [INFO] default - GET / 200 1663 - 11.002 ms
[2026-04-28T09:47:19.602] [INFO] default - Executing (default): SELECT `id`, `username`, `email`, `dob` FROM `Users` AS `User` WHERE `User`.`email` = 'john.doe@example.com';
[2026-04-28T09:47:19.613] [INFO] default - Executing (default): INSERT INTO `Users` (`id`,`username`,`email`,`dob`) VALUES (NULL,$1,$2,$3);
[2026-04-28T09:47:19.623] [INFO] default - User successfully created: john.doe@example.com
[2026-04-28T09:47:19.626] [INFO] default - POST /api/users 201 157 - 32.648 ms
[2026-04-28T09:47:19.638] [INFO] default - Executing (default): SELECT `id`, `username`, `email`, `dob` FROM `Users` AS `User` WHERE `User`.`email` = 'john.doe@example.com';
[2026-04-28T09:47:19.643] [WARN] default - Registration blocked: email already exists (john.doe@example.com)
[2026-04-28T09:47:19.646] [INFO] default - POST /api/users 409 67 - 8.226 ms
[2026-04-28T09:47:19.655] [ERROR] default - Validation error: "email" is required
[2026-04-28T09:47:19.662] [INFO] default - POST /api/users 400 68 - 8.428 ms
[2026-04-28T09:47:19.671] [ERROR] default - Validation error: "email" must be a valid email
[2026-04-28T09:47:19.675] [INFO] default - POST /api/users 400 78 - 3.902 ms
[2026-04-28T09:47:19.684] [ERROR] default - Validation error: "dob" must be in ISO 8601 date format
[2026-04-28T09:47:19.688] [INFO] default - POST /api/users 400 86 - 3.949 ms
[2026-04-28T09:48:17.149] [INFO] default - Birthday cron job scheduled for 7:00 AM daily.
[2026-04-28T09:48:17.159] [INFO] default - Listening on http://localhost:4000
[2026-04-28T09:48:17.164] [INFO] default - Executing (default): SELECT name FROM sqlite_master WHERE type='table' AND name='Users';
[2026-04-28T09:48:17.170] [INFO] default - Executing (default): PRAGMA INDEX_LIST(`Users`)
[2026-04-28T09:48:17.171] [INFO] default - Executing (default): PRAGMA INDEX_INFO(`sqlite_autoindex_Users_1`)
[2026-04-28T09:48:17.172] [INFO] default - Database & tables synced via Sequelize!
[2026-04-28T09:48:47.714] [INFO] default - GET /favicon.ico 404 150 - 7.957 ms
[2026-04-28T09:49:37.089] [INFO] default - Executing (default): SELECT `id`, `username`, `email`, `dob` FROM `Users` AS `User` WHERE `User`.`email` = 'lobibo7612@pertok.com';
[2026-04-28T09:49:37.093] [INFO] default - Initializing Mailtrap API transport...
[2026-04-28T09:49:38.239] [ERROR] default - Failed to send email to lobibo7612@pertok.com: Error: Unauthorized
[2026-04-28T09:49:38.240] [WARN] default - Failed to send email to lobibo7612@pertok.com. User not added to database.
[2026-04-28T09:49:38.242] [INFO] default - POST /api/users 500 114 - 1163.594 ms
[2026-04-28T09:51:36.094] [INFO] default - Birthday cron job scheduled for 7:00 AM daily.
[2026-04-28T09:51:36.105] [INFO] default - Listening on http://localhost:4000
[2026-04-28T09:51:36.109] [INFO] default - Executing (default): SELECT name FROM sqlite_master WHERE type='table' AND name='Users';
[2026-04-28T09:51:36.116] [INFO] default - Executing (default): PRAGMA INDEX_LIST(`Users`)
[2026-04-28T09:51:36.118] [INFO] default - Executing (default): PRAGMA INDEX_INFO(`sqlite_autoindex_Users_1`)
[2026-04-28T09:51:36.120] [INFO] default - Database & tables synced via Sequelize!
[2026-04-28T09:51:56.211] [INFO] default - Birthday cron job scheduled for 7:00 AM daily.
[2026-04-28T09:51:56.223] [INFO] default - Listening on http://localhost:4000
[2026-04-28T09:51:56.231] [INFO] default - Executing (default): SELECT name FROM sqlite_master WHERE type='table' AND name='Users';
[2026-04-28T09:51:56.237] [INFO] default - Executing (default): PRAGMA INDEX_LIST(`Users`)
[2026-04-28T09:51:56.238] [INFO] default - Executing (default): PRAGMA INDEX_INFO(`sqlite_autoindex_Users_1`)
[2026-04-28T09:51:56.240] [INFO] default - Database & tables synced via Sequelize!
[2026-04-28T09:52:00.781] [INFO] default - Executing (default): SELECT `id`, `username`, `email`, `dob` FROM `Users` AS `User` WHERE `User`.`email` = 'lobibo7612@pertok.com';
[2026-04-28T09:52:00.784] [INFO] default - Initializing Gmail SMTP transport...
[2026-04-28T09:52:01.429] [ERROR] default - Failed to send email to lobibo7612@pertok.com: Missing credentials for "PLAIN"
[2026-04-28T09:52:01.430] [WARN] default - Failed to send email to lobibo7612@pertok.com. User not added to database.
[2026-04-28T09:52:01.434] [INFO] default - POST /api/users 500 114 - 663.269 ms
[2026-04-28T09:52:42.434] [INFO] default - Birthday cron job scheduled for 7:00 AM daily.
[2026-04-28T09:52:42.445] [INFO] default - Listening on http://localhost:4000
[2026-04-28T09:52:42.447] [INFO] default - Executing (default): SELECT name FROM sqlite_master WHERE type='table' AND name='Users';
[2026-04-28T09:52:42.452] [INFO] default - Executing (default): PRAGMA INDEX_LIST(`Users`)
[2026-04-28T09:52:42.453] [INFO] default - Executing (default): PRAGMA INDEX_INFO(`sqlite_autoindex_Users_1`)
[2026-04-28T09:52:42.457] [INFO] default - Database & tables synced via Sequelize!
[2026-04-28T09:53:39.196] [INFO] default - Birthday cron job scheduled for 7:00 AM daily.
[2026-04-28T09:53:39.207] [INFO] default - Listening on http://localhost:4000
[2026-04-28T09:53:39.210] [INFO] default - Executing (default): SELECT name FROM sqlite_master WHERE type='table' AND name='Users';
[2026-04-28T09:53:39.216] [INFO] default - Executing (default): PRAGMA INDEX_LIST(`Users`)
[2026-04-28T09:53:39.218] [INFO] default - Executing (default): PRAGMA INDEX_INFO(`sqlite_autoindex_Users_1`)
[2026-04-28T09:53:39.220] [INFO] default - Database & tables synced via Sequelize!
[2026-04-28T09:54:35.094] [INFO] default - Birthday cron job scheduled for 7:00 AM daily.
[2026-04-28T09:54:35.107] [INFO] default - Listening on http://localhost:4000
[2026-04-28T09:54:35.111] [INFO] default - Executing (default): SELECT name FROM sqlite_master WHERE type='table' AND name='Users';
[2026-04-28T09:54:35.117] [INFO] default - Executing (default): PRAGMA INDEX_LIST(`Users`)
[2026-04-28T09:54:35.122] [INFO] default - Executing (default): PRAGMA INDEX_INFO(`sqlite_autoindex_Users_1`)
[2026-04-28T09:54:35.124] [INFO] default - Database & tables synced via Sequelize!
[2026-04-28T09:54:38.983] [INFO] default - Executing (default): SELECT `id`, `username`, `email`, `dob` FROM `Users` AS `User` WHERE `User`.`email` = 'lobibo7612@pertok.com';
[2026-04-28T09:54:38.987] [INFO] default - Initializing Gmail SMTP transport...
[2026-04-28T09:54:44.786] [INFO] default - Email successfully sent to lobibo7612@pertok.com
[2026-04-28T09:54:44.791] [INFO] default - Executing (default): INSERT INTO `Users` (`id`,`username`,`email`,`dob`) VALUES (NULL,$1,$2,$3);
[2026-04-28T09:54:44.800] [INFO] default - User successfully created: lobibo7612@pertok.com
[2026-04-28T09:54:44.813] [INFO] default - POST /api/users 201 158 - 5833.929 ms
